<?xml version="1.0" encoding="UTF-8"?>
<!-- Generated by org.testng.reporters.JUnitReportReporter -->
<testsuite hostname="SivaRajeshValluri" failures="0" tests="3" name="mypackage.Webtables" time="7.690" errors="0" timestamp="2021-03-24T21:06:47 GMT-04:00" skipped="0">
  <testcase classname="mypackage.Webtables" name="openurl" time="0.915"/>
  <system-out/>
  <testcase classname="mypackage.Webtables" name="countcompanynames" time="5.887"/>
  <system-out/>
  <testcase classname="mypackage.Webtables" name="searchcompanyname" time="0.888"/>
  <system-out/>
</testsuite> <!-- mypackage.Webtables -->
