<?xml version="1.0" encoding="UTF-8"?>
<!-- Generated by org.testng.reporters.JUnitReportReporter -->
<testsuite hostname="SivaRajeshValluri" failures="0" tests="5" name="testng.MyTestNGclass" time="0.023" errors="0" timestamp="2021-03-24T21:33:10 GMT-04:00" skipped="0">
  <testcase classname="testng.MyTestNGclass" name="testcase2" time="0.007"/>
  <system-out/>
  <testcase classname="testng.MyTestNGclass" name="testcase2" time="0.002"/>
  <system-out/>
  <testcase classname="testng.MyTestNGclass" name="testcase2" time="0.009"/>
  <system-out/>
  <testcase classname="testng.MyTestNGclass" name="testcase2" time="0.002"/>
  <system-out/>
  <testcase classname="testng.MyTestNGclass" name="testcase1" time="0.003"/>
  <system-out/>
</testsuite> <!-- testng.MyTestNGclass -->
