<?xml version="1.0" encoding="UTF-8"?>
<!-- Generated by org.testng.reporters.JUnitReportReporter -->
<testsuite hostname="SivaRajeshValluri" failures="0" tests="3" name="testng.Webtables" time="10.348" errors="0" timestamp="2021-03-24T21:18:18 GMT-04:00" skipped="0">
  <testcase classname="testng.Webtables" name="openurl" time="2.578"/>
  <system-out/>
  <testcase classname="testng.Webtables" name="countcompanynames" time="6.741"/>
  <system-out/>
  <testcase classname="testng.Webtables" name="searchcompanyname" time="1.029"/>
  <system-out/>
</testsuite> <!-- testng.Webtables -->
